[33mWARNING[0m:  [05-04-2026 13:25:29] chroma_server_nofile is set to 65535, but this is less than current soft limit of 1048575. chroma_server_nofile will not be set.
[32mINFO[0m:     [05-04-2026 13:25:29] Anonymized telemetry enabled. See                     https://docs.trychroma.com/telemetry for more information.
[36mDEBUG[0m:    [05-04-2026 13:25:29] Starting component System
[36mDEBUG[0m:    [05-04-2026 13:25:29] Starting component OpenTelemetryClient
[36mDEBUG[0m:    [05-04-2026 13:25:29] Starting component SqliteDB
[36mDEBUG[0m:    [05-04-2026 13:25:29] Starting component QuotaEnforcer
[36mDEBUG[0m:    [05-04-2026 13:25:29] Starting component Posthog
[36mDEBUG[0m:    [05-04-2026 13:25:29] Starting component LocalSegmentManager
[36mDEBUG[0m:    [05-04-2026 13:25:29] Starting component SegmentAPI
[32mINFO[0m:     [05-04-2026 13:25:29] Started server process [[36m51015[0m]
[32mINFO[0m:     [05-04-2026 13:25:29] Waiting for application startup.
[32mINFO[0m:     [05-04-2026 13:25:29] Application startup complete.
[32mINFO[0m:     [05-04-2026 13:25:29] Uvicorn running on [1mhttp://localhost:8000[0m (Press CTRL+C to quit)
[32mINFO[0m:     [05-04-2026 13:25:41] ::1:52269 - "GET / HTTP/1.1" 404
[32mINFO[0m:     [05-04-2026 13:25:41] ::1:52269 - "GET /favicon.ico HTTP/1.1" 404
[33mWARNING[0m:  [05-04-2026 13:33:55] chroma_server_nofile is set to 65535, but this is less than current soft limit of 1048575. chroma_server_nofile will not be set.
[32mINFO[0m:     [05-04-2026 13:33:55] Anonymized telemetry enabled. See                     https://docs.trychroma.com/telemetry for more information.
[36mDEBUG[0m:    [05-04-2026 13:33:55] Starting component System
[36mDEBUG[0m:    [05-04-2026 13:33:55] Starting component OpenTelemetryClient
[36mDEBUG[0m:    [05-04-2026 13:33:55] Starting component SqliteDB
[36mDEBUG[0m:    [05-04-2026 13:33:55] Starting component QuotaEnforcer
[36mDEBUG[0m:    [05-04-2026 13:33:55] Starting component Posthog
[36mDEBUG[0m:    [05-04-2026 13:33:55] Starting component LocalSegmentManager
[36mDEBUG[0m:    [05-04-2026 13:33:55] Starting component SegmentAPI
[32mINFO[0m:     [05-04-2026 13:33:55] Started server process [[36m54610[0m]
[32mINFO[0m:     [05-04-2026 13:33:55] Waiting for application startup.
[32mINFO[0m:     [05-04-2026 13:33:55] Application startup complete.
[31mERROR[0m:    [05-04-2026 13:33:55] [Errno 48] error while attempting to bind on address ('127.0.0.1', 8000): address already in use
[32mINFO[0m:     [05-04-2026 13:33:55] Waiting for application shutdown.
[36mDEBUG[0m:    [05-04-2026 13:33:55] Stopping component System
[36mDEBUG[0m:    [05-04-2026 13:33:55] Stopping component SegmentAPI
[36mDEBUG[0m:    [05-04-2026 13:33:55] Stopping component LocalSegmentManager
[36mDEBUG[0m:    [05-04-2026 13:33:55] Stopping component Posthog
[36mDEBUG[0m:    [05-04-2026 13:33:55] Stopping component QuotaEnforcer
[36mDEBUG[0m:    [05-04-2026 13:33:55] Stopping component SqliteDB
[36mDEBUG[0m:    [05-04-2026 13:33:55] Stopping component OpenTelemetryClient
[32mINFO[0m:     [05-04-2026 13:33:55] Application shutdown complete.
[33mWARNING[0m:  [05-04-2026 13:36:43] chroma_server_nofile is set to 65535, but this is less than current soft limit of 1048575. chroma_server_nofile will not be set.
[32mINFO[0m:     [05-04-2026 13:36:43] Anonymized telemetry enabled. See                     https://docs.trychroma.com/telemetry for more information.
[36mDEBUG[0m:    [05-04-2026 13:36:43] Starting component System
[36mDEBUG[0m:    [05-04-2026 13:36:43] Starting component OpenTelemetryClient
[36mDEBUG[0m:    [05-04-2026 13:36:43] Starting component SqliteDB
[36mDEBUG[0m:    [05-04-2026 13:36:43] Starting component QuotaEnforcer
[36mDEBUG[0m:    [05-04-2026 13:36:43] Starting component Posthog
[36mDEBUG[0m:    [05-04-2026 13:36:43] Starting component LocalSegmentManager
[36mDEBUG[0m:    [05-04-2026 13:36:43] Starting component SegmentAPI
[32mINFO[0m:     [05-04-2026 13:36:43] Started server process [[36m55163[0m]
[32mINFO[0m:     [05-04-2026 13:36:43] Waiting for application startup.
[32mINFO[0m:     [05-04-2026 13:36:43] Application startup complete.
[32mINFO[0m:     [05-04-2026 13:36:43] Uvicorn running on [1mhttp://localhost:8000[0m (Press CTRL+C to quit)
[32mINFO[0m:     [05-04-2026 13:37:45] ::1:52595 - "GET / HTTP/1.1" 404
[33mWARNING[0m:  [05-04-2026 13:54:32] chroma_server_nofile is set to 65535, but this is less than current soft limit of 1048575. chroma_server_nofile will not be set.
[32mINFO[0m:     [05-04-2026 13:54:32] Anonymized telemetry enabled. See                     https://docs.trychroma.com/telemetry for more information.
[36mDEBUG[0m:    [05-04-2026 13:54:32] Starting component System
[36mDEBUG[0m:    [05-04-2026 13:54:32] Starting component OpenTelemetryClient
[36mDEBUG[0m:    [05-04-2026 13:54:32] Starting component SqliteDB
[36mDEBUG[0m:    [05-04-2026 13:54:32] Starting component QuotaEnforcer
[36mDEBUG[0m:    [05-04-2026 13:54:32] Starting component Posthog
[36mDEBUG[0m:    [05-04-2026 13:54:32] Starting component LocalSegmentManager
[36mDEBUG[0m:    [05-04-2026 13:54:32] Starting component SegmentAPI
[32mINFO[0m:     [05-04-2026 13:54:32] Started server process [[36m58285[0m]
[32mINFO[0m:     [05-04-2026 13:54:32] Waiting for application startup.
[32mINFO[0m:     [05-04-2026 13:54:32] Application startup complete.
[32mINFO[0m:     [05-04-2026 13:54:32] Uvicorn running on [1mhttp://localhost:8000[0m (Press CTRL+C to quit)
[32mINFO[0m:     [05-04-2026 13:59:38] Shutting down
[32mINFO[0m:     [05-04-2026 13:59:38] Waiting for application shutdown.
[36mDEBUG[0m:    [05-04-2026 13:59:38] Stopping component System
[36mDEBUG[0m:    [05-04-2026 13:59:38] Stopping component SegmentAPI
[36mDEBUG[0m:    [05-04-2026 13:59:38] Stopping component LocalSegmentManager
[36mDEBUG[0m:    [05-04-2026 13:59:38] Stopping component Posthog
[36mDEBUG[0m:    [05-04-2026 13:59:38] Stopping component QuotaEnforcer
[36mDEBUG[0m:    [05-04-2026 13:59:38] Stopping component SqliteDB
[36mDEBUG[0m:    [05-04-2026 13:59:38] Stopping component OpenTelemetryClient
[32mINFO[0m:     [05-04-2026 13:59:38] Application shutdown complete.
[32mINFO[0m:     [05-04-2026 13:59:38] Finished server process [[36m58285[0m]
